
/home/runner/work/exp-ground-penetrating-radar-nitk/exp-ground-penetrating-radar-nitk/experiment/simulation/js/script.js
     4:10  warning  'navNext' is defined but never used                                                                                    no-unused-vars
     6:6   warning  'temp' is not defined                                                                                                  no-undef
     6:13  warning  'temp' is not defined                                                                                                  no-undef
     6:20  warning  'temp' is not defined                                                                                                  no-undef
     8:2   warning  Mixed spaces and tabs                                                                                                  no-mixed-spaces-and-tabs
     9:36  warning  'temp' is not defined                                                                                                  no-undef
    11:2   warning  'simsubscreennum' is not defined                                                                                       no-undef
    12:35  warning  'simsubscreennum' is not defined                                                                                       no-undef
    26:16  warning  'myInt' is not defined                                                                                                 no-undef
    31:5   warning  'simsubscreennum' is not defined                                                                                       no-undef
    32:4   warning  'myInt' is not defined                                                                                                 no-undef
    56:11  warning  'simsubscreennum' is not defined                                                                                       no-undef
    76:10  warning  'simsubscreennum' is not defined                                                                                       no-undef
    78:1   warning  Mixed spaces and tabs                                                                                                  no-mixed-spaces-and-tabs
    79:1   warning  Mixed spaces and tabs                                                                                                  no-mixed-spaces-and-tabs
    80:1   warning  Mixed spaces and tabs                                                                                                  no-mixed-spaces-and-tabs
    81:1   warning  Mixed spaces and tabs                                                                                                  no-mixed-spaces-and-tabs
    82:1   warning  Mixed spaces and tabs                                                                                                  no-mixed-spaces-and-tabs
    83:1   warning  Mixed spaces and tabs                                                                                                  no-mixed-spaces-and-tabs
    83:3   warning  'myInt' is not defined                                                                                                 no-undef
    94:6   warning  'myInt' is not defined                                                                                                 no-undef
   112:10  warning  Mixed spaces and tabs                                                                                                  no-mixed-spaces-and-tabs
   113:10  warning  Mixed spaces and tabs                                                                                                  no-mixed-spaces-and-tabs
   117:8   warning  'myInt' is not defined                                                                                                 no-undef
   130:9   warning  'myInt' is not defined                                                                                                 no-undef
   144:10  warning  'myInt' is not defined                                                                                                 no-undef
   170:14  warning  'myInt' is not defined                                                                                                 no-undef
   224:10  warning  'simsubscreennum' is not defined                                                                                       no-undef
   227:10  warning  'myInt' is not defined                                                                                                 no-undef
   246:11  warning  'myInt' is not defined                                                                                                 no-undef
   359:14  warning  'myInt' is not defined                                                                                                 no-undef
   372:10  warning  'myInt' is not defined                                                                                                 no-undef
   413:10  warning  'myInt' is not defined                                                                                                 no-undef
   435:10  warning  'simsubscreennum' is not defined                                                                                       no-undef
   448:2   warning  'myInt' is not defined                                                                                                 no-undef
   462:3   warning  'myInt' is not defined                                                                                                 no-undef
   477:10  warning  'simsubscreennum' is not defined                                                                                       no-undef
   489:2   warning  'myInt' is not defined                                                                                                 no-undef
   502:4   warning  'myInt' is not defined                                                                                                 no-undef
   521:4   warning  'myInt' is not defined                                                                                                 no-undef
   544:9   warning  'simsubscreennum' is not defined                                                                                       no-undef
   597:10  warning  'hidedialog1' is defined but never used                                                                                no-unused-vars
   602:2   warning  'myInt' is not defined                                                                                                 no-undef
   614:2   warning  Mixed spaces and tabs                                                                                                  no-mixed-spaces-and-tabs
   628:2   warning  Mixed spaces and tabs                                                                                                  no-mixed-spaces-and-tabs
   634:10  warning  'hidedialog2' is defined but never used                                                                                no-unused-vars
   638:3   warning  'myInt' is not defined                                                                                                 no-undef
   680:10  warning  'hidedialog3' is defined but never used                                                                                no-unused-vars
   687:5   warning  'myInt' is not defined                                                                                                 no-undef
   724:10  warning  'hidedialog4' is defined but never used                                                                                no-unused-vars
   731:10  warning  'hidedialog_tracenote' is defined but never used                                                                       no-unused-vars
   736:2   warning  Mixed spaces and tabs                                                                                                  no-mixed-spaces-and-tabs
   736:5   warning  'inputValue1' is not defined                                                                                           no-undef
   737:2   warning  Mixed spaces and tabs                                                                                                  no-mixed-spaces-and-tabs
   737:5   warning  'inputValue2' is not defined                                                                                           no-undef
   738:2   warning  Mixed spaces and tabs                                                                                                  no-mixed-spaces-and-tabs
   738:5   warning  'inputValue3' is not defined                                                                                           no-undef
   739:2   warning  Mixed spaces and tabs                                                                                                  no-mixed-spaces-and-tabs
   739:5   warning  'inputValue4' is not defined                                                                                           no-undef
   740:2   warning  Mixed spaces and tabs                                                                                                  no-mixed-spaces-and-tabs
   740:5   warning  'inputValue5' is not defined                                                                                           no-undef
   741:2   warning  Mixed spaces and tabs                                                                                                  no-mixed-spaces-and-tabs
   741:5   warning  'inputValue6' is not defined                                                                                           no-undef
   745:10  warning  'hidedialogintial' is defined but never used                                                                           no-unused-vars
   753:10  warning  'hidedialog_radio' is defined but never used                                                                           no-unused-vars
   765:10  warning  'checkOption' is defined but never used                                                                                no-unused-vars
   769:1   warning  Mixed spaces and tabs                                                                                                  no-mixed-spaces-and-tabs
   771:1   warning  Mixed spaces and tabs                                                                                                  no-mixed-spaces-and-tabs
   775:10  warning  'bigImg' is defined but never used                                                                                     no-unused-vars
   780:12  warning  'normalImg' is defined but never used                                                                                  no-unused-vars
   785:10  warning  'toggleOptions' is defined but never used                                                                              no-unused-vars
   796:21  warning  'Chart' is not defined                                                                                                 no-undef
   835:2   warning  Mixed spaces and tabs                                                                                                  no-mixed-spaces-and-tabs
   845:2   warning  Mixed spaces and tabs                                                                                                  no-mixed-spaces-and-tabs
   846:2   warning  Mixed spaces and tabs                                                                                                  no-mixed-spaces-and-tabs
   847:2   warning  Mixed spaces and tabs                                                                                                  no-mixed-spaces-and-tabs
   848:2   warning  Mixed spaces and tabs                                                                                                  no-mixed-spaces-and-tabs
   849:2   warning  Mixed spaces and tabs                                                                                                  no-mixed-spaces-and-tabs
   850:2   warning  Mixed spaces and tabs                                                                                                  no-mixed-spaces-and-tabs
   851:2   warning  Mixed spaces and tabs                                                                                                  no-mixed-spaces-and-tabs
   855:2   warning  Mixed spaces and tabs                                                                                                  no-mixed-spaces-and-tabs
   856:2   warning  Mixed spaces and tabs                                                                                                  no-mixed-spaces-and-tabs
   858:2   warning  Mixed spaces and tabs                                                                                                  no-mixed-spaces-and-tabs
   858:16  warning  This branch can never execute. Its condition is a duplicate or covered by previous conditions in the if-else-if chain  no-dupe-else-if
   861:2   warning  Mixed spaces and tabs                                                                                                  no-mixed-spaces-and-tabs
   864:1   warning  Mixed spaces and tabs                                                                                                  no-mixed-spaces-and-tabs
   867:1   warning  Mixed spaces and tabs                                                                                                  no-mixed-spaces-and-tabs
   870:1   warning  Mixed spaces and tabs                                                                                                  no-mixed-spaces-and-tabs
   872:2   warning  Mixed spaces and tabs                                                                                                  no-mixed-spaces-and-tabs
   882:4   warning  'inputValue1' is not defined                                                                                           no-undef
   883:2   warning  Mixed spaces and tabs                                                                                                  no-mixed-spaces-and-tabs
   883:5   warning  'inputValue2' is not defined                                                                                           no-undef
   884:2   warning  Mixed spaces and tabs                                                                                                  no-mixed-spaces-and-tabs
   884:5   warning  'inputValue3' is not defined                                                                                           no-undef
   885:2   warning  Mixed spaces and tabs                                                                                                  no-mixed-spaces-and-tabs
   885:5   warning  'inputValue4' is not defined                                                                                           no-undef
   886:2   warning  Mixed spaces and tabs                                                                                                  no-mixed-spaces-and-tabs
   886:5   warning  'inputValue5' is not defined                                                                                           no-undef
   887:2   warning  Mixed spaces and tabs                                                                                                  no-mixed-spaces-and-tabs
   887:5   warning  'inputValue6' is not defined                                                                                           no-undef
   911:5   warning  'myInt' is not defined                                                                                                 no-undef
   924:9   warning  'myInt' is not defined                                                                                                 no-undef
   949:2   warning  Mixed spaces and tabs                                                                                                  no-mixed-spaces-and-tabs
   951:2   warning  Mixed spaces and tabs                                                                                                  no-mixed-spaces-and-tabs
   953:1   warning  Mixed spaces and tabs                                                                                                  no-mixed-spaces-and-tabs
   954:1   warning  Mixed spaces and tabs                                                                                                  no-mixed-spaces-and-tabs
   976:1   warning  Mixed spaces and tabs                                                                                                  no-mixed-spaces-and-tabs
   985:6   warning  'i' is assigned a value but never used                                                                                 no-unused-vars
   991:2   warning  Mixed spaces and tabs                                                                                                  no-mixed-spaces-and-tabs
   993:2   warning  Mixed spaces and tabs                                                                                                  no-mixed-spaces-and-tabs
   998:2   warning  Mixed spaces and tabs                                                                                                  no-mixed-spaces-and-tabs
  1000:1   warning  Mixed spaces and tabs                                                                                                  no-mixed-spaces-and-tabs
  1002:10  warning  'hidedialog6' is defined but never used                                                                                no-unused-vars
  1011:2   warning  'myInt' is not defined                                                                                                 no-undef
  1023:1   warning  Mixed spaces and tabs                                                                                                  no-mixed-spaces-and-tabs
  1026:1   warning  Mixed spaces and tabs                                                                                                  no-mixed-spaces-and-tabs
  1026:13  warning  'checkInput' is defined but never used                                                                                 no-unused-vars
  1036:2   warning  Mixed spaces and tabs                                                                                                  no-mixed-spaces-and-tabs
  1038:2   warning  Mixed spaces and tabs                                                                                                  no-mixed-spaces-and-tabs
  1040:1   warning  Mixed spaces and tabs                                                                                                  no-mixed-spaces-and-tabs
  1042:1   warning  Mixed spaces and tabs                                                                                                  no-mixed-spaces-and-tabs
  1042:13  warning  'showProgressBar' is defined but never used                                                                            no-unused-vars
  1052:2   warning  Mixed spaces and tabs                                                                                                  no-mixed-spaces-and-tabs
  1060:4   warning  'myInt' is not defined                                                                                                 no-undef
  1099:2   warning  Mixed spaces and tabs                                                                                                  no-mixed-spaces-and-tabs
  1102:2   warning  Mixed spaces and tabs                                                                                                  no-mixed-spaces-and-tabs
  1104:1   warning  Mixed spaces and tabs                                                                                                  no-mixed-spaces-and-tabs
  1107:1   warning  Mixed spaces and tabs                                                                                                  no-mixed-spaces-and-tabs
  1107:13  warning  'checkInputs' is defined but never used                                                                                no-unused-vars
  1112:2   warning  Mixed spaces and tabs                                                                                                  no-mixed-spaces-and-tabs
  1114:2   warning  Mixed spaces and tabs                                                                                                  no-mixed-spaces-and-tabs
  1118:2   warning  Mixed spaces and tabs                                                                                                  no-mixed-spaces-and-tabs
  1119:2   warning  Mixed spaces and tabs                                                                                                  no-mixed-spaces-and-tabs
  1119:5   warning  'myInt' is not defined                                                                                                 no-undef
  1132:2   warning  Mixed spaces and tabs                                                                                                  no-mixed-spaces-and-tabs
  1134:1   warning  Mixed spaces and tabs                                                                                                  no-mixed-spaces-and-tabs
  1136:1   warning  Mixed spaces and tabs                                                                                                  no-mixed-spaces-and-tabs
  1136:13  warning  'information1' is defined but never used                                                                               no-unused-vars
  1139:12  warning  'information1a' is defined but never used                                                                              no-unused-vars
  1150:10  warning  'handleInput' is defined but never used                                                                                no-unused-vars
  1156:1   warning  Mixed spaces and tabs                                                                                                  no-mixed-spaces-and-tabs
  1158:1   warning  Mixed spaces and tabs                                                                                                  no-mixed-spaces-and-tabs
  1194:9   warning  'tickValues' is assigned a value but never used                                                                        no-unused-vars
  1199:1   warning  Mixed spaces and tabs                                                                                                  no-mixed-spaces-and-tabs
  1200:1   warning  Mixed spaces and tabs                                                                                                  no-mixed-spaces-and-tabs
  1201:1   warning  Mixed spaces and tabs                                                                                                  no-mixed-spaces-and-tabs
  1202:1   warning  Mixed spaces and tabs                                                                                                  no-mixed-spaces-and-tabs
  1204:1   warning  Mixed spaces and tabs                                                                                                  no-mixed-spaces-and-tabs
  1207:1   warning  Mixed spaces and tabs                                                                                                  no-mixed-spaces-and-tabs
  1210:1   warning  Mixed spaces and tabs                                                                                                  no-mixed-spaces-and-tabs
  1211:1   warning  Mixed spaces and tabs                                                                                                  no-mixed-spaces-and-tabs
  1212:1   warning  Mixed spaces and tabs                                                                                                  no-mixed-spaces-and-tabs
  1213:1   warning  Mixed spaces and tabs                                                                                                  no-mixed-spaces-and-tabs
  1214:1   warning  Mixed spaces and tabs                                                                                                  no-mixed-spaces-and-tabs
  1216:1   warning  Mixed spaces and tabs                                                                                                  no-mixed-spaces-and-tabs
  1219:1   warning  Mixed spaces and tabs                                                                                                  no-mixed-spaces-and-tabs
  1222:1   warning  Mixed spaces and tabs                                                                                                  no-mixed-spaces-and-tabs
  1224:1   warning  Mixed spaces and tabs                                                                                                  no-mixed-spaces-and-tabs
  1225:1   warning  Mixed spaces and tabs                                                                                                  no-mixed-spaces-and-tabs
  1226:1   warning  Mixed spaces and tabs                                                                                                  no-mixed-spaces-and-tabs
  1227:1   warning  Mixed spaces and tabs                                                                                                  no-mixed-spaces-and-tabs
  1230:1   warning  Mixed spaces and tabs                                                                                                  no-mixed-spaces-and-tabs
  1239:2   warning  Mixed spaces and tabs                                                                                                  no-mixed-spaces-and-tabs
  1240:2   warning  Mixed spaces and tabs                                                                                                  no-mixed-spaces-and-tabs
  1242:1   warning  Mixed spaces and tabs                                                                                                  no-mixed-spaces-and-tabs
  1243:1   warning  Mixed spaces and tabs                                                                                                  no-mixed-spaces-and-tabs
  1252:2   warning  Mixed spaces and tabs                                                                                                  no-mixed-spaces-and-tabs
  1253:2   warning  Mixed spaces and tabs                                                                                                  no-mixed-spaces-and-tabs
  1255:1   warning  Mixed spaces and tabs                                                                                                  no-mixed-spaces-and-tabs
  1258:1   warning  Mixed spaces and tabs                                                                                                  no-mixed-spaces-and-tabs
  1266:2   warning  Mixed spaces and tabs                                                                                                  no-mixed-spaces-and-tabs
  1267:2   warning  Mixed spaces and tabs                                                                                                  no-mixed-spaces-and-tabs
  1269:1   warning  Mixed spaces and tabs                                                                                                  no-mixed-spaces-and-tabs
  1274:2   warning  'Plotly' is not defined                                                                                                no-undef
  1275:1   warning  Mixed spaces and tabs                                                                                                  no-mixed-spaces-and-tabs
  1276:1   warning  Mixed spaces and tabs                                                                                                  no-mixed-spaces-and-tabs
  1277:1   warning  Mixed spaces and tabs                                                                                                  no-mixed-spaces-and-tabs
  1278:1   warning  Mixed spaces and tabs                                                                                                  no-mixed-spaces-and-tabs
  1279:1   warning  Mixed spaces and tabs                                                                                                  no-mixed-spaces-and-tabs
  1281:1   warning  Mixed spaces and tabs                                                                                                  no-mixed-spaces-and-tabs
  1282:1   warning  Mixed spaces and tabs                                                                                                  no-mixed-spaces-and-tabs
  1285:2   warning  'Plotly' is not defined                                                                                                no-undef
  1286:1   warning  Mixed spaces and tabs                                                                                                  no-mixed-spaces-and-tabs
  1287:1   warning  Mixed spaces and tabs                                                                                                  no-mixed-spaces-and-tabs
  1288:1   warning  Mixed spaces and tabs                                                                                                  no-mixed-spaces-and-tabs
  1289:1   warning  Mixed spaces and tabs                                                                                                  no-mixed-spaces-and-tabs
  1290:1   warning  Mixed spaces and tabs                                                                                                  no-mixed-spaces-and-tabs
  1292:1   warning  Mixed spaces and tabs                                                                                                  no-mixed-spaces-and-tabs
  1293:1   warning  Mixed spaces and tabs                                                                                                  no-mixed-spaces-and-tabs
  1323:10  warning  'backgroundshowtext' is defined but never used                                                                         no-unused-vars
  1327:10  warning  'backgroundremovetext' is defined but never used                                                                       no-unused-vars
  1331:10  warning  'gainnote' is defined but never used                                                                                   no-unused-vars
  1340:10  warning  'gain' is defined but never used                                                                                       no-unused-vars
  1347:10  warning  'graphinfo' is defined but never used                                                                                  no-unused-vars
  1350:10  warning  'graphinfo1' is defined but never used                                                                                 no-unused-vars
  1354:10  warning  'enableButton' is defined but never used                                                                               no-unused-vars
  1359:1   warning  Mixed spaces and tabs                                                                                                  no-mixed-spaces-and-tabs
  1361:1   warning  Mixed spaces and tabs                                                                                                  no-mixed-spaces-and-tabs
  1399:1   warning  Mixed spaces and tabs                                                                                                  no-mixed-spaces-and-tabs
  1433:2   warning  'myInt' is not defined                                                                                                 no-undef

✖ 200 problems (0 errors, 200 warnings)

